<?xml version="1.0" encoding="utf-8" standalone="no"?>
<test-results xmlns:xsi="http://www.w3.org/2001/XMLSchema-instance" xsi:noNamespaceSchemaLocation="nunit_schema_2.5.xsd" name="Pester" total="9" errors="0" failures="1" not-run="0" inconclusive="0" ignored="0" skipped="0" invalid="0" date="2018-08-24" time="14:38:45">
  <environment user="Jeff.Buenting" machine-name="SL-JEFFB" cwd="F:\GitHub\OctopusDeploy" user-domain="STRATUSLIVEDEMO" platform="Microsoft Windows 10 Enterprise|C:\WINDOWS|\Device\Harddisk0\Partition1" nunit-version="2.5.8.0" os-version="10.0.17134" clr-version="4.0.30319.42000" />
  <culture-info current-culture="en-US" current-uiculture="en-US" />
  <test-suite type="TestFixture" name="Pester" executed="True" result="Failure" success="False" time="0.5105" asserts="0" description="Pester">
    <results>
      <test-suite type="TestFixture" name="F:\GitHub\OctopusDeploy\OctopusDeploy.Tests.ps1" executed="True" result="Failure" success="False" time="0.5105" asserts="0" description="F:\GitHub\OctopusDeploy\OctopusDeploy.Tests.ps1">
        <results>
          <test-suite type="TestFixture" name="OctopusDeploy : Module Tests" executed="True" result="Success" success="True" time="0.1207" asserts="0" description="OctopusDeploy : Module Tests">
            <results>
              <test-case description="should have a test for each function" name="OctopusDeploy : Module Tests.should have a test for each function" time="0.1207" asserts="0" success="True" result="Success" executed="True" />
            </results>
          </test-suite>
          <test-suite type="TestFixture" name="OctopusDeploy : Install-OctoClientTentacle" executed="True" result="Failure" success="False" time="0.3898" asserts="0" description="OctopusDeploy : Install-OctoClientTentacle">
            <results>
              <test-suite type="TestFixture" name="Help" executed="True" result="Success" success="True" time="0.1571" asserts="0" description="Help">
                <results>
                  <test-case description="has Synopsis Help Section" name="OctopusDeploy : Install-OctoClientTentacle.Help.has Synopsis Help Section" time="0.0784" asserts="0" success="True" result="Success" executed="True" />
                  <test-case description="has Synopsis Help Section that it not start with the command name" name="OctopusDeploy : Install-OctoClientTentacle.Help.has Synopsis Help Section that it not start with the command name" time="0.0121" asserts="0" success="True" result="Success" executed="True" />
                  <test-case description="has Description Help Section" name="OctopusDeploy : Install-OctoClientTentacle.Help.has Description Help Section" time="0.0118" asserts="0" success="True" result="Success" executed="True" />
                  <test-case description="has Parameters Help Section" name="OctopusDeploy : Install-OctoClientTentacle.Help.has Parameters Help Section" time="0.0104" asserts="0" success="True" result="Success" executed="True" />
                  <test-case description="Example - Count should be greater than 0" name="OctopusDeploy : Install-OctoClientTentacle.Help.Example - Count should be greater than 0" time="0.0237" asserts="0" success="True" result="Success" executed="True" />
                  <test-case description="Example - Remarks on -------------------------- EXAMPLE 1 --------------------------" name="OctopusDeploy : Install-OctoClientTentacle.Help.Example - Remarks on -------------------------- EXAMPLE 1 --------------------------" time="0.0107" asserts="0" success="True" result="Success" executed="True" />
                  <test-case description="has Notes Help Section" name="OctopusDeploy : Install-OctoClientTentacle.Help.has Notes Help Section" time="0.0099" asserts="0" success="True" result="Success" executed="True" />
                </results>
              </test-suite>
              <test-suite type="TestFixture" name="Execution" executed="True" result="Failure" success="False" time="0.2327" asserts="0" description="Execution">
                <results>
                  <test-case description="Accepts Pipeline input" name="OctopusDeploy : Install-OctoClientTentacle.Execution.Accepts Pipeline input" time="0.2327" asserts="0" success="False" result="Failure" executed="True">
                    <failure>
                      <message>
 Expected Invoke-Command to be called with $ComputerName </message>
                      <stack-trace>at &lt;ScriptBlock&gt;, C:\Program Files\WindowsPowerShell\Modules\Pester\4.3.1\Functions\Mock.ps1: line 429
429:         throw $message
</stack-trace>
                    </failure>
                  </test-case>
                </results>
              </test-suite>
            </results>
          </test-suite>
        </results>
      </test-suite>
    </results>
  </test-suite>
</test-results>